<?xml version="1.0" encoding="UTF-8"?>
<!-- Generated by org.testng.reporters.JUnitXMLReporter -->
<testsuite ignored="0" hostname="Sasi-Inspiron" failures="0" tests="5" name="BankingApp Test" time="56.438" errors="0" timestamp="2022-01-31T15:56:50 PST">
  <testcase classname="com.inetbanking.testCases.TC_LoginDDT_002" name="LoginDDT" time="10.729"/>
  <testcase classname="com.inetbanking.testCases.TC_LoginDDT_002" name="LoginDDT" time="10.491"/>
  <testcase classname="com.inetbanking.testCases.TC_LoginDDT_002" name="LoginDDT" time="10.374"/>
  <testcase classname="com.inetbanking.testCases.TC_LoginDDT_002" name="LoginDDT" time="10.385"/>
  <testcase classname="com.inetbanking.testCases.TC_LoginDDT_002" name="LoginDDT" time="10.499"/>
</testsuite> <!-- BankingApp Test -->
