<?xml version="1.0" encoding="UTF-8"?>
<!-- Generated by org.testng.reporters.JUnitXMLReporter -->
<testsuite hostname="Sasi-Inspiron" ignored="0" name="BankingApp Test" tests="6" failures="0" timestamp="2022-01-31T17:37:39 PST" time="66.392" errors="0">
  <testcase name="loginTest" time="2.138" classname="com.inetbanking.testCases.TC_LoginTest_001"/>
  <testcase name="LoginDDT" time="10.752" classname="com.inetbanking.testCases.TC_LoginDDT_002"/>
  <testcase name="LoginDDT" time="10.489" classname="com.inetbanking.testCases.TC_LoginDDT_002"/>
  <testcase name="LoginDDT" time="10.536" classname="com.inetbanking.testCases.TC_LoginDDT_002"/>
  <testcase name="LoginDDT" time="10.571" classname="com.inetbanking.testCases.TC_LoginDDT_002"/>
  <testcase name="LoginDDT" time="10.423" classname="com.inetbanking.testCases.TC_LoginDDT_002"/>
</testsuite> <!-- BankingApp Test -->
