<?xml version="1.0" encoding="UTF-8"?>
<testsuite xmlns:xsi="http://www.w3.org/2001/XMLSchema-instance" xsi:noNamespaceSchemaLocation="https://maven.apache.org/surefire/maven-surefire-plugin/xsd/surefire-test-report-3.0.xsd" version="3.0" name="TestSuite" time="67.306" tests="6" errors="0" skipped="0" failures="0">
  <properties>
[...]
</properties>
  <testcase name="loginTest" classname="com.inetbanking.testCases.TC_LoginTest_001" time="2.128">
    <system-out><![CDATA[ INFO [main] (TC_LoginTest_001.java:20)- URL is opened
 INFO [main] (TC_LoginTest_001.java:27)- Entered username
 INFO [main] (TC_LoginTest_001.java:30)- Enter the password
 INFO [main] (TC_LoginTest_001.java:37)- Logger test passed
]]></system-out>
    <system-err><![CDATA[SLF4J: Failed to load class "org.slf4j.impl.StaticLoggerBinder".
SLF4J: Defaulting to no-operation (NOP) logger implementation
SLF4J: See http://www.slf4j.org/codes.html#StaticLoggerBinder for further details.
Starting ChromeDriver 96.0.4664.45 (76e4c1bb2ab4671b8beba3444e61c0f17584b2fc-refs/branch-heads/4664@{#947}) on port 49527
Only local connections are allowed.
Please see https://chromedriver.chromium.org/security-considerations for suggestions on keeping ChromeDriver safe.
ChromeDriver was started successfully.
[1643679395.976][WARNING]: This version of ChromeDriver has not been tested with Chrome version 97.
Jan 31, 2022 5:36:36 PM org.openqa.selenium.remote.ProtocolHandshake createSession
INFO: Detected dialect: W3C
Jan 31, 2022 5:36:36 PM org.openqa.selenium.devtools.CdpVersionFinder findNearestMatch
WARNING: Unable to find an exact match for CDP version 97, so returning the closest version found: 96
Jan 31, 2022 5:36:36 PM org.openqa.selenium.devtools.CdpVersionFinder findNearestMatch
INFO: Found CDP implementation for version 97 of 96
]]></system-err>
  </testcase>
  <testcase name="LoginDDT[mngr381993, azAdAme](1)" classname="com.inetbanking.testCases.TC_LoginDDT_002" time="10.735">
    <system-out><![CDATA[ INFO [main] (TC_LoginDDT_002.java:22)- user name provided
 INFO [main] (TC_LoginDDT_002.java:26)- password provided
 INFO [main] (TC_LoginDDT_002.java:40)- Login passed
]]></system-out>
    <system-err><![CDATA[Starting ChromeDriver 96.0.4664.45 (76e4c1bb2ab4671b8beba3444e61c0f17584b2fc-refs/branch-heads/4664@{#947}) on port 49878
Only local connections are allowed.
Please see https://chromedriver.chromium.org/security-considerations for suggestions on keeping ChromeDriver safe.
ChromeDriver was started successfully.
[1643679402.559][WARNING]: This version of ChromeDriver has not been tested with Chrome version 97.
Jan 31, 2022 5:36:42 PM org.openqa.selenium.remote.ProtocolHandshake createSession
INFO: Detected dialect: W3C
Jan 31, 2022 5:36:42 PM org.openqa.selenium.devtools.CdpVersionFinder findNearestMatch
WARNING: Unable to find an exact match for CDP version 97, so returning the closest version found: 96
Jan 31, 2022 5:36:42 PM org.openqa.selenium.devtools.CdpVersionFinder findNearestMatch
INFO: Found CDP implementation for version 97 of 96
]]></system-err>
  </testcase>
  <testcase name="LoginDDT[mngr83460, qAbUzyj](2)" classname="com.inetbanking.testCases.TC_LoginDDT_002" time="10.489">
    <system-out><![CDATA[ INFO [main] (TC_LoginDDT_002.java:22)- user name provided
 INFO [main] (TC_LoginDDT_002.java:26)- password provided
 INFO [main] (TC_LoginDDT_002.java:40)- Login passed
]]></system-out>
  </testcase>
  <testcase name="LoginDDT[mngr137319, bAdYvyb](3)" classname="com.inetbanking.testCases.TC_LoginDDT_002" time="10.537">
    <system-out><![CDATA[ INFO [main] (TC_LoginDDT_002.java:22)- user name provided
 INFO [main] (TC_LoginDDT_002.java:26)- password provided
 INFO [main] (TC_LoginDDT_002.java:40)- Login passed
]]></system-out>
  </testcase>
  <testcase name="LoginDDT[mngr381993, azAdAme](4)" classname="com.inetbanking.testCases.TC_LoginDDT_002" time="10.571">
    <system-out><![CDATA[ INFO [main] (TC_LoginDDT_002.java:22)- user name provided
 INFO [main] (TC_LoginDDT_002.java:26)- password provided
 INFO [main] (TC_LoginDDT_002.java:40)- Login passed
]]></system-out>
  </testcase>
  <testcase name="LoginDDT[null, null](5)" classname="com.inetbanking.testCases.TC_LoginDDT_002" time="10.424">
    <system-out><![CDATA[ INFO [main] (TC_LoginDDT_002.java:22)- user name provided
 INFO [main] (TC_LoginDDT_002.java:26)- password provided
 INFO [main] (TC_LoginDDT_002.java:40)- Login passed
]]></system-out>
  </testcase>
</testsuite>