<?xml version="1.0" encoding="UTF-8"?>
<testng-results ignored="0" total="5" passed="5" failed="0" skipped="0">
  <reporter-output>
  </reporter-output>
  <suite started-at="2022-01-31T15:55:54 PST" name="InetBankingV1" finished-at="2022-01-31T15:56:50 PST" duration-ms="56438">
    <groups>
    </groups>
    <test started-at="2022-01-31T15:55:54 PST" name="BankingApp Test" finished-at="2022-01-31T15:56:50 PST" duration-ms="56438">
      <class name="com.inetbanking.testCases.TC_LoginDDT_002">
        <test-method is-config="true" signature="setup(java.lang.String)[pri:0, instance:com.inetbanking.testCases.TC_LoginDDT_002@783a467b]" started-at="2022-01-31T15:55:54 PST" name="setup" finished-at="2022-01-31T15:55:57 PST" duration-ms="3195" status="PASS">
          <params>
            <param index="0">
              <value>
                <![CDATA[chrome]]>
              </value>
            </param>
          </params>
          <reporter-output>
          </reporter-output>
        </test-method> <!-- setup -->
        <test-method signature="LoginDDT(java.lang.String,java.lang.String)[pri:0, instance:com.inetbanking.testCases.TC_LoginDDT_002@783a467b]" started-at="2022-01-31T15:55:58 PST" name="LoginDDT" data-provider="LoginData" finished-at="2022-01-31T15:56:08 PST" duration-ms="10729" status="PASS">
          <params>
            <param index="0">
              <value>
                <![CDATA[mngr381993]]>
              </value>
            </param>
            <param index="1">
              <value>
                <![CDATA[azAdAme]]>
              </value>
            </param>
          </params>
          <reporter-output>
          </reporter-output>
        </test-method> <!-- LoginDDT -->
        <test-method signature="LoginDDT(java.lang.String,java.lang.String)[pri:0, instance:com.inetbanking.testCases.TC_LoginDDT_002@783a467b]" started-at="2022-01-31T15:56:08 PST" name="LoginDDT" data-provider="LoginData" finished-at="2022-01-31T15:56:19 PST" duration-ms="10491" status="PASS">
          <params>
            <param index="0">
              <value>
                <![CDATA[mngr83460]]>
              </value>
            </param>
            <param index="1">
              <value>
                <![CDATA[qAbUzyj]]>
              </value>
            </param>
          </params>
          <reporter-output>
          </reporter-output>
        </test-method> <!-- LoginDDT -->
        <test-method signature="LoginDDT(java.lang.String,java.lang.String)[pri:0, instance:com.inetbanking.testCases.TC_LoginDDT_002@783a467b]" started-at="2022-01-31T15:56:19 PST" name="LoginDDT" data-provider="LoginData" finished-at="2022-01-31T15:56:29 PST" duration-ms="10374" status="PASS">
          <params>
            <param index="0">
              <value>
                <![CDATA[mngr137319]]>
              </value>
            </param>
            <param index="1">
              <value>
                <![CDATA[bAdYvyb]]>
              </value>
            </param>
          </params>
          <reporter-output>
          </reporter-output>
        </test-method> <!-- LoginDDT -->
        <test-method signature="LoginDDT(java.lang.String,java.lang.String)[pri:0, instance:com.inetbanking.testCases.TC_LoginDDT_002@783a467b]" started-at="2022-01-31T15:56:29 PST" name="LoginDDT" data-provider="LoginData" finished-at="2022-01-31T15:56:40 PST" duration-ms="10385" status="PASS">
          <params>
            <param index="0">
              <value>
                <![CDATA[mngr381993]]>
              </value>
            </param>
            <param index="1">
              <value>
                <![CDATA[azAdAme]]>
              </value>
            </param>
          </params>
          <reporter-output>
          </reporter-output>
        </test-method> <!-- LoginDDT -->
        <test-method signature="LoginDDT(java.lang.String,java.lang.String)[pri:0, instance:com.inetbanking.testCases.TC_LoginDDT_002@783a467b]" started-at="2022-01-31T15:56:40 PST" name="LoginDDT" data-provider="LoginData" finished-at="2022-01-31T15:56:50 PST" duration-ms="10499" status="PASS">
          <params>
            <param index="0">
              <value is-null="true"/>
            </param>
            <param index="1">
              <value is-null="true"/>
            </param>
          </params>
          <reporter-output>
          </reporter-output>
        </test-method> <!-- LoginDDT -->
        <test-method is-config="true" signature="teardown()[pri:0, instance:com.inetbanking.testCases.TC_LoginDDT_002@783a467b]" started-at="2022-01-31T15:56:50 PST" name="teardown" finished-at="2022-01-31T15:56:50 PST" duration-ms="134" status="PASS">
          <reporter-output>
          </reporter-output>
        </test-method> <!-- teardown -->
      </class> <!-- com.inetbanking.testCases.TC_LoginDDT_002 -->
    </test> <!-- BankingApp Test -->
  </suite> <!-- InetBankingV1 -->
</testng-results>
